17:27:57.136 [main]  INFO  com.intuit.karate - Karate version: 1.5.1
17:27:57.368 [main]  DEBUG com.intuit.karate.Suite - [config] karate-config.js
17:27:58.174 [main]  INFO  com.intuit.karate - [print] http://localhost:8080/ 
17:27:58.362 [main]  DEBUG com.intuit.karate - request:
1 > GET http://localhost:8080/chameleon/greetings
1 > Host: localhost:8080
1 > Connection: Keep-Alive
1 > User-Agent: Apache-HttpClient/4.5.14 (Java/23.0.2)
1 > Accept-Encoding: gzip,deflate


17:27:58.585 [main]  DEBUG com.intuit.karate - response time in milliseconds: 220
1 < 200
1 < Content-Type: application/json
1 < Transfer-Encoding: chunked
1 < Date: Thu, 27 Mar 2025 17:27:58 GMT
1 < Keep-Alive: timeout=60
1 < Connection: keep-alive
{"serviceName":"chameleon","requestId":"57ce44b5-70ac-4bf5-a898-0e4dba37029e","greeting":"This is the chameleon service!"}

17:27:58.627 [main]  DEBUG com.intuit.karate - request:
1 > GET http://localhost:8080/alpha/greetings
1 > Host: localhost:8080
1 > Connection: Keep-Alive
1 > User-Agent: Apache-HttpClient/4.5.14 (Java/23.0.2)
1 > Accept-Encoding: gzip,deflate


17:27:58.634 [main]  DEBUG com.intuit.karate - response time in milliseconds: 6
1 < 404
1 < Content-Type: text/html;charset=utf-8
1 < Content-Language: en
1 < Content-Length: 431
1 < Date: Thu, 27 Mar 2025 17:27:58 GMT
1 < Keep-Alive: timeout=60
1 < Connection: keep-alive
<!doctype html><html lang="en"><head><title>HTTP Status 404 – Not Found</title><style type="text/css">body {font-family:Tahoma,Arial,sans-serif;} h1, h2, h3, b {color:white;background-color:#525D76;} h1 {font-size:22px;} h2 {font-size:16px;} h3 {font-size:14px;} p {font-size:12px;} a {color:black;} .line {height:1px;background-color:#525D76;border:none;}</style></head><body><h1>HTTP Status 404 – Not Found</h1></body></html>

17:27:58.645 [main]  ERROR com.intuit.karate - greetings.feature:10
Then status 200
status code was: 404, expected: 200, response time in milliseconds: 6, url: http://localhost:8080/alpha/greetings, response: 
<!doctype html><html lang="en"><head><title>HTTP Status 404 – Not Found</title><style type="text/css">body {font-family:Tahoma,Arial,sans-serif;} h1, h2, h3, b {color:white;background-color:#525D76;} h1 {font-size:22px;} h2 {font-size:16px;} h3 {font-size:14px;} p {font-size:12px;} a {color:black;} .line {height:1px;background-color:#525D76;border:none;}</style></head><body><h1>HTTP Status 404 – Not Found</h1></body></html>
greetings.feature:10
17:27:58.655 [main]  DEBUG com.intuit.karate - request:
1 > GET http://localhost:8080/bravo/greetings
1 > Host: localhost:8080
1 > Connection: Keep-Alive
1 > User-Agent: Apache-HttpClient/4.5.14 (Java/23.0.2)
1 > Accept-Encoding: gzip,deflate


17:27:58.658 [main]  DEBUG com.intuit.karate - response time in milliseconds: 2
1 < 404
1 < Content-Type: text/html;charset=utf-8
1 < Content-Language: en
1 < Content-Length: 431
1 < Date: Thu, 27 Mar 2025 17:27:58 GMT
1 < Keep-Alive: timeout=60
1 < Connection: keep-alive
<!doctype html><html lang="en"><head><title>HTTP Status 404 – Not Found</title><style type="text/css">body {font-family:Tahoma,Arial,sans-serif;} h1, h2, h3, b {color:white;background-color:#525D76;} h1 {font-size:22px;} h2 {font-size:16px;} h3 {font-size:14px;} p {font-size:12px;} a {color:black;} .line {height:1px;background-color:#525D76;border:none;}</style></head><body><h1>HTTP Status 404 – Not Found</h1></body></html>

17:27:58.659 [main]  ERROR com.intuit.karate - greetings.feature:10
Then status 200
status code was: 404, expected: 200, response time in milliseconds: 2, url: http://localhost:8080/bravo/greetings, response: 
<!doctype html><html lang="en"><head><title>HTTP Status 404 – Not Found</title><style type="text/css">body {font-family:Tahoma,Arial,sans-serif;} h1, h2, h3, b {color:white;background-color:#525D76;} h1 {font-size:22px;} h2 {font-size:16px;} h3 {font-size:14px;} p {font-size:12px;} a {color:black;} .line {height:1px;background-color:#525D76;border:none;}</style></head><body><h1>HTTP Status 404 – Not Found</h1></body></html>
greetings.feature:10
17:27:58.666 [main]  DEBUG com.intuit.karate - request:
1 > GET http://localhost:8080/chameleon/like
1 > Host: localhost:8080
1 > Connection: Keep-Alive
1 > User-Agent: Apache-HttpClient/4.5.14 (Java/23.0.2)
1 > Accept-Encoding: gzip,deflate


17:27:58.706 [main]  DEBUG com.intuit.karate - response time in milliseconds: 39
1 < 404
1 < Vary: Origin
1 < Vary: Access-Control-Request-Method
1 < Vary: Access-Control-Request-Headers
1 < Content-Type: application/json
1 < Transfer-Encoding: chunked
1 < Date: Thu, 27 Mar 2025 17:27:58 GMT
1 < Keep-Alive: timeout=60
1 < Connection: keep-alive
{"timestamp":"2025-03-27T17:27:58.689+00:00","status":404,"error":"Not Found","path":"/chameleon/like"}

17:27:58.719 [main]  DEBUG com.intuit.karate - request:
1 > GET http://localhost:8080/alpha/numerics
1 > Host: localhost:8080
1 > Connection: Keep-Alive
1 > User-Agent: Apache-HttpClient/4.5.14 (Java/23.0.2)
1 > Accept-Encoding: gzip,deflate


17:27:58.724 [main]  DEBUG com.intuit.karate - response time in milliseconds: 3
1 < 404
1 < Content-Type: text/html;charset=utf-8
1 < Content-Language: en
1 < Content-Length: 431
1 < Date: Thu, 27 Mar 2025 17:27:58 GMT
1 < Keep-Alive: timeout=60
1 < Connection: keep-alive
<!doctype html><html lang="en"><head><title>HTTP Status 404 – Not Found</title><style type="text/css">body {font-family:Tahoma,Arial,sans-serif;} h1, h2, h3, b {color:white;background-color:#525D76;} h1 {font-size:22px;} h2 {font-size:16px;} h3 {font-size:14px;} p {font-size:12px;} a {color:black;} .line {height:1px;background-color:#525D76;border:none;}</style></head><body><h1>HTTP Status 404 – Not Found</h1></body></html>

17:27:58.729 [main]  ERROR com.intuit.karate - greetings.feature:25
* match response.status == 404
match failed: EQUALS
  $ | data types don't match (NULL:NUMBER)
  null
  404

greetings.feature:25
17:27:58.735 [main]  DEBUG com.intuit.karate - request:
1 > GET http://localhost:8080/bravo/bravo
1 > Host: localhost:8080
1 > Connection: Keep-Alive
1 > User-Agent: Apache-HttpClient/4.5.14 (Java/23.0.2)
1 > Accept-Encoding: gzip,deflate


17:27:58.739 [main]  DEBUG com.intuit.karate - response time in milliseconds: 3
1 < 404
1 < Content-Type: text/html;charset=utf-8
1 < Content-Language: en
1 < Content-Length: 431
1 < Date: Thu, 27 Mar 2025 17:27:58 GMT
1 < Keep-Alive: timeout=60
1 < Connection: keep-alive
<!doctype html><html lang="en"><head><title>HTTP Status 404 – Not Found</title><style type="text/css">body {font-family:Tahoma,Arial,sans-serif;} h1, h2, h3, b {color:white;background-color:#525D76;} h1 {font-size:22px;} h2 {font-size:16px;} h3 {font-size:14px;} p {font-size:12px;} a {color:black;} .line {height:1px;background-color:#525D76;border:none;}</style></head><body><h1>HTTP Status 404 – Not Found</h1></body></html>

17:27:58.742 [main]  ERROR com.intuit.karate - greetings.feature:25
* match response.status == 404
match failed: EQUALS
  $ | data types don't match (NULL:NUMBER)
  null
  404

greetings.feature:25
17:27:58.748 [main]  DEBUG com.intuit.karate - request:
1 > GET http://localhost:8080/zulu/greetings
1 > Host: localhost:8080
1 > Connection: Keep-Alive
1 > User-Agent: Apache-HttpClient/4.5.14 (Java/23.0.2)
1 > Accept-Encoding: gzip,deflate


17:27:58.751 [main]  DEBUG com.intuit.karate - response time in milliseconds: 2
1 < 404
1 < Content-Type: text/html;charset=utf-8
1 < Content-Language: en
1 < Content-Length: 431
1 < Date: Thu, 27 Mar 2025 17:27:58 GMT
1 < Keep-Alive: timeout=60
1 < Connection: keep-alive
<!doctype html><html lang="en"><head><title>HTTP Status 404 – Not Found</title><style type="text/css">body {font-family:Tahoma,Arial,sans-serif;} h1, h2, h3, b {color:white;background-color:#525D76;} h1 {font-size:22px;} h2 {font-size:16px;} h3 {font-size:14px;} p {font-size:12px;} a {color:black;} .line {height:1px;background-color:#525D76;border:none;}</style></head><body><h1>HTTP Status 404 – Not Found</h1></body></html>

17:27:59.285 [main]  INFO  com.intuit.karate.Suite - <<fail>> feature 1 of 1 (0 remaining) greetings.feature
